<?xml version="1.0" encoding="UTF-8"?>
<testng-results skipped="0" failed="0" total="4" passed="4">
  <reporter-output>
  </reporter-output>
  <suite name="BasicMaven.BasicMaven.AppTest" duration-ms="178" started-at="2019-07-25T14:38:05Z" finished-at="2019-07-25T14:38:06Z">
    <groups>
    </groups>
    <test name="Command line test" duration-ms="178" started-at="2019-07-25T14:38:05Z" finished-at="2019-07-25T14:38:06Z">
      <class name="BasicMaven.BasicMaven.AppTest">
        <test-method status="PASS" signature="div()[pri:0, instance:BasicMaven.BasicMaven.AppTest@453da22c]" name="div" duration-ms="81" started-at="2019-07-25T10:38:05Z" finished-at="2019-07-25T10:38:06Z">
          <reporter-output>
          </reporter-output>
        </test-method> <!-- div -->
        <test-method status="PASS" signature="multiple()[pri:0, instance:BasicMaven.BasicMaven.AppTest@453da22c]" name="multiple" duration-ms="1" started-at="2019-07-25T10:38:06Z" finished-at="2019-07-25T10:38:06Z">
          <reporter-output>
          </reporter-output>
        </test-method> <!-- multiple -->
        <test-method status="PASS" signature="sub()[pri:0, instance:BasicMaven.BasicMaven.AppTest@453da22c]" name="sub" duration-ms="2" started-at="2019-07-25T10:38:06Z" finished-at="2019-07-25T10:38:06Z">
          <reporter-output>
          </reporter-output>
        </test-method> <!-- sub -->
        <test-method status="PASS" signature="sum()[pri:0, instance:BasicMaven.BasicMaven.AppTest@453da22c]" name="sum" duration-ms="2" started-at="2019-07-25T10:38:06Z" finished-at="2019-07-25T10:38:06Z">
          <reporter-output>
          </reporter-output>
        </test-method> <!-- sum -->
      </class> <!-- BasicMaven.BasicMaven.AppTest -->
    </test> <!-- Command line test -->
  </suite> <!-- BasicMaven.BasicMaven.AppTest -->
</testng-results>
