<?xml version="1.0" encoding="UTF-8"?>
<!-- Generated by org.testng.reporters.JUnitXMLReporter -->
<testsuite hostname="Sairams-MacBook-Pro.local" name="Command line test" tests="4" failures="0" timestamp="25 Jul 2019 14:38:06 GMT" time="0.178" errors="0">
  <testcase name="div" time="0.081" classname="BasicMaven.BasicMaven.AppTest"/>
  <testcase name="multiple" time="0.001" classname="BasicMaven.BasicMaven.AppTest"/>
  <testcase name="sub" time="0.002" classname="BasicMaven.BasicMaven.AppTest"/>
  <testcase name="sum" time="0.002" classname="BasicMaven.BasicMaven.AppTest"/>
</testsuite> <!-- Command line test -->
