<?xml version="1.0" encoding="UTF-8"?>
<testng-results skipped="0" failed="0" total="4" passed="4">
  <reporter-output>
  </reporter-output>
  <suite name="Default suite" duration-ms="46" started-at="2019-07-25T14:36:35Z" finished-at="2019-07-25T14:36:35Z">
    <groups>
    </groups>
    <test name="Default test" duration-ms="46" started-at="2019-07-25T14:36:35Z" finished-at="2019-07-25T14:36:35Z">
      <class name="BasicMaven.BasicMaven.AppTest">
        <test-method status="PASS" signature="div()[pri:0, instance:BasicMaven.BasicMaven.AppTest@6767c1fc]" name="div" duration-ms="12" started-at="2019-07-25T10:36:35Z" finished-at="2019-07-25T10:36:35Z">
          <reporter-output>
          </reporter-output>
        </test-method> <!-- div -->
        <test-method status="PASS" signature="multiple()[pri:0, instance:BasicMaven.BasicMaven.AppTest@6767c1fc]" name="multiple" duration-ms="4" started-at="2019-07-25T10:36:35Z" finished-at="2019-07-25T10:36:35Z">
          <reporter-output>
          </reporter-output>
        </test-method> <!-- multiple -->
        <test-method status="PASS" signature="sub()[pri:0, instance:BasicMaven.BasicMaven.AppTest@6767c1fc]" name="sub" duration-ms="1" started-at="2019-07-25T10:36:35Z" finished-at="2019-07-25T10:36:35Z">
          <reporter-output>
          </reporter-output>
        </test-method> <!-- sub -->
        <test-method status="PASS" signature="sum()[pri:0, instance:BasicMaven.BasicMaven.AppTest@6767c1fc]" name="sum" duration-ms="1" started-at="2019-07-25T10:36:35Z" finished-at="2019-07-25T10:36:35Z">
          <reporter-output>
          </reporter-output>
        </test-method> <!-- sum -->
      </class> <!-- BasicMaven.BasicMaven.AppTest -->
    </test> <!-- Default test -->
  </suite> <!-- Default suite -->
</testng-results>
